[INFO] Scanning for projects...
[INFO] 
[INFO] ----------------------< org.apache.rat.test:it1 >-----------------------
[INFO] Building it1 1.0
[INFO] --------------------------------[ jar ]---------------------------------
[INFO] Downloading from local.central: file:///Users/yimingtang/.m2/repository/org/apache/maven/plugins/maven-clean-plugin/2.5/maven-clean-plugin-2.5.pom
[INFO] Downloaded from local.central: file:///Users/yimingtang/.m2/repository/org/apache/maven/plugins/maven-clean-plugin/2.5/maven-clean-plugin-2.5.pom (3.9 kB at 327 kB/s)
[INFO] Downloading from local.central: file:///Users/yimingtang/.m2/repository/org/apache/maven/plugins/maven-plugins/22/maven-plugins-22.pom
[INFO] Downloaded from local.central: file:///Users/yimingtang/.m2/repository/org/apache/maven/plugins/maven-plugins/22/maven-plugins-22.pom (13 kB at 6.5 MB/s)
[INFO] Downloading from local.central: file:///Users/yimingtang/.m2/repository/org/apache/maven/maven-parent/21/maven-parent-21.pom
[INFO] Downloaded from local.central: file:///Users/yimingtang/.m2/repository/org/apache/maven/maven-parent/21/maven-parent-21.pom (26 kB at 8.8 MB/s)
[INFO] Downloading from local.central: file:///Users/yimingtang/.m2/repository/org/apache/apache/10/apache-10.pom
[INFO] Downloaded from local.central: file:///Users/yimingtang/.m2/repository/org/apache/apache/10/apache-10.pom (15 kB at 4.9 MB/s)
[INFO] Downloading from local.central: file:///Users/yimingtang/.m2/repository/org/apache/maven/plugins/maven-clean-plugin/2.5/maven-clean-plugin-2.5.jar
[INFO] Downloaded from local.central: file:///Users/yimingtang/.m2/repository/org/apache/maven/plugins/maven-clean-plugin/2.5/maven-clean-plugin-2.5.jar (25 kB at 6.2 MB/s)
[INFO] 
[INFO] --- maven-clean-plugin:2.5:clean (default-clean) @ it1 ---
[INFO] Downloading from local.central: file:///Users/yimingtang/.m2/repository/org/apache/maven/maven-plugin-api/2.0.6/maven-plugin-api-2.0.6.pom
[INFO] Downloaded from local.central: file:///Users/yimingtang/.m2/repository/org/apache/maven/maven-plugin-api/2.0.6/maven-plugin-api-2.0.6.pom (1.5 kB at 728 kB/s)
[INFO] Downloading from local.central: file:///Users/yimingtang/.m2/repository/org/apache/maven/maven/2.0.6/maven-2.0.6.pom
[INFO] Downloaded from local.central: file:///Users/yimingtang/.m2/repository/org/apache/maven/maven/2.0.6/maven-2.0.6.pom (9.0 kB at 9.0 MB/s)
[INFO] Downloading from local.central: file:///Users/yimingtang/.m2/repository/org/apache/maven/maven-parent/5/maven-parent-5.pom
[INFO] Downloaded from local.central: file:///Users/yimingtang/.m2/repository/org/apache/maven/maven-parent/5/maven-parent-5.pom (15 kB at 15 MB/s)
[INFO] Downloading from local.central: file:///Users/yimingtang/.m2/repository/org/apache/apache/3/apache-3.pom
[INFO] Downloaded from local.central: file:///Users/yimingtang/.m2/repository/org/apache/apache/3/apache-3.pom (3.4 kB at 3.4 MB/s)
[INFO] Downloading from local.central: file:///Users/yimingtang/.m2/repository/org/codehaus/plexus/plexus-utils/3.0/plexus-utils-3.0.pom
[INFO] Downloaded from local.central: file:///Users/yimingtang/.m2/repository/org/codehaus/plexus/plexus-utils/3.0/plexus-utils-3.0.pom (4.1 kB at 4.1 MB/s)
[INFO] Downloading from local.central: file:///Users/yimingtang/.m2/repository/org/sonatype/spice/spice-parent/16/spice-parent-16.pom
[INFO] Downloaded from local.central: file:///Users/yimingtang/.m2/repository/org/sonatype/spice/spice-parent/16/spice-parent-16.pom (8.4 kB at 8.4 MB/s)
[INFO] Downloading from local.central: file:///Users/yimingtang/.m2/repository/org/sonatype/forge/forge-parent/5/forge-parent-5.pom
[INFO] Downloaded from local.central: file:///Users/yimingtang/.m2/repository/org/sonatype/forge/forge-parent/5/forge-parent-5.pom (8.4 kB at 4.2 MB/s)
[INFO] Downloading from local.central: file:///Users/yimingtang/.m2/repository/org/apache/maven/maven-plugin-api/2.0.6/maven-plugin-api-2.0.6.jar
[INFO] Downloading from local.central: file:///Users/yimingtang/.m2/repository/org/codehaus/plexus/plexus-utils/3.0/plexus-utils-3.0.jar
[INFO] Downloaded from local.central: file:///Users/yimingtang/.m2/repository/org/apache/maven/maven-plugin-api/2.0.6/maven-plugin-api-2.0.6.jar (13 kB at 4.3 MB/s)
[INFO] Downloaded from local.central: file:///Users/yimingtang/.m2/repository/org/codehaus/plexus/plexus-utils/3.0/plexus-utils-3.0.jar (226 kB at 38 MB/s)
[INFO] 
[INFO] --- apache-rat-plugin:0.16-SNAPSHOT:check (default-cli) @ it1 ---
[INFO] Downloading from local.central: file:///Users/yimingtang/.m2/repository/org/junit/junit-bom/5.7.1/junit-bom-5.7.1.pom
[INFO] Downloaded from local.central: file:///Users/yimingtang/.m2/repository/org/junit/junit-bom/5.7.1/junit-bom-5.7.1.pom (5.1 kB at 2.5 MB/s)
[INFO] Downloading from local.central: file:///Users/yimingtang/.m2/repository/org/junit/junit-bom/5.7.2/junit-bom-5.7.2.pom
[INFO] Downloaded from local.central: file:///Users/yimingtang/.m2/repository/org/junit/junit-bom/5.7.2/junit-bom-5.7.2.pom (5.1 kB at 2.5 MB/s)
[INFO] Downloading from local.central: file:///Users/yimingtang/.m2/repository/org/junit/junit-bom/5.9.1/junit-bom-5.9.1.pom
[INFO] Downloaded from local.central: file:///Users/yimingtang/.m2/repository/org/junit/junit-bom/5.9.1/junit-bom-5.9.1.pom (5.6 kB at 2.8 MB/s)
[INFO] Downloading from local.central: file:///Users/yimingtang/.m2/repository/org/codehaus/plexus/plexus-utils/1.5.15/plexus-utils-1.5.15.pom
[INFO] Downloaded from local.central: file:///Users/yimingtang/.m2/repository/org/codehaus/plexus/plexus-utils/1.5.15/plexus-utils-1.5.15.pom (6.8 kB at 6.8 MB/s)
[INFO] Downloading from local.central: file:///Users/yimingtang/.m2/repository/junit/junit/4.13.2/junit-4.13.2.pom
[INFO] Downloaded from local.central: file:///Users/yimingtang/.m2/repository/junit/junit/4.13.2/junit-4.13.2.pom (27 kB at 14 MB/s)
[INFO] Downloading from local.central: file:///Users/yimingtang/.m2/repository/org/hamcrest/hamcrest-core/1.3/hamcrest-core-1.3.pom
[INFO] Downloaded from local.central: file:///Users/yimingtang/.m2/repository/org/hamcrest/hamcrest-core/1.3/hamcrest-core-1.3.pom (766 B at 766 kB/s)
[INFO] Downloading from local.central: file:///Users/yimingtang/.m2/repository/org/hamcrest/hamcrest-parent/1.3/hamcrest-parent-1.3.pom
[INFO] Downloaded from local.central: file:///Users/yimingtang/.m2/repository/org/hamcrest/hamcrest-parent/1.3/hamcrest-parent-1.3.pom (2.0 kB at 2.0 MB/s)
[INFO] Downloading from local.central: file:///Users/yimingtang/.m2/repository/org/codehaus/plexus/plexus-utils/1.0.4/plexus-utils-1.0.4.pom
[INFO] Downloaded from local.central: file:///Users/yimingtang/.m2/repository/org/codehaus/plexus/plexus-utils/1.0.4/plexus-utils-1.0.4.pom (6.9 kB at 3.4 MB/s)
[INFO] Downloading from local.central: file:///Users/yimingtang/.m2/repository/org/apache/maven/maven-settings/2.2.1/maven-settings-2.2.1.pom
[INFO] Downloaded from local.central: file:///Users/yimingtang/.m2/repository/org/apache/maven/maven-settings/2.2.1/maven-settings-2.2.1.pom (2.2 kB at 2.2 MB/s)
[INFO] Downloading from local.central: file:///Users/yimingtang/.m2/repository/org/codehaus/plexus/plexus-container-default/2.1.0/plexus-container-default-2.1.0.pom
[INFO] Downloaded from local.central: file:///Users/yimingtang/.m2/repository/org/codehaus/plexus/plexus-container-default/2.1.0/plexus-container-default-2.1.0.pom (3.0 kB at 3.0 MB/s)
[INFO] Downloading from local.central: file:///Users/yimingtang/.m2/repository/org/codehaus/plexus/plexus-utils/3.1.1/plexus-utils-3.1.1.pom
[INFO] Downloaded from local.central: file:///Users/yimingtang/.m2/repository/org/codehaus/plexus/plexus-utils/3.1.1/plexus-utils-3.1.1.pom (5.1 kB at 5.1 MB/s)
[INFO] Downloading from local.central: file:///Users/yimingtang/.m2/repository/org/codehaus/plexus/plexus-classworlds/2.6.0/plexus-classworlds-2.6.0.pom
[INFO] Downloaded from local.central: file:///Users/yimingtang/.m2/repository/org/codehaus/plexus/plexus-classworlds/2.6.0/plexus-classworlds-2.6.0.pom (7.9 kB at 7.9 MB/s)
[INFO] Downloading from local.central: file:///Users/yimingtang/.m2/repository/org/apache/xbean/xbean-reflect/3.7/xbean-reflect-3.7.pom
[INFO] Downloaded from local.central: file:///Users/yimingtang/.m2/repository/org/apache/xbean/xbean-reflect/3.7/xbean-reflect-3.7.pom (5.1 kB at 2.5 MB/s)
[INFO] Downloading from local.central: file:///Users/yimingtang/.m2/repository/org/apache/xbean/xbean/3.7/xbean-3.7.pom
[INFO] Downloaded from local.central: file:///Users/yimingtang/.m2/repository/org/apache/xbean/xbean/3.7/xbean-3.7.pom (15 kB at 7.7 MB/s)
[INFO] Downloading from local.central: file:///Users/yimingtang/.m2/repository/org/apache/geronimo/genesis/genesis-java5-flava/2.0/genesis-java5-flava-2.0.pom
[INFO] Downloaded from local.central: file:///Users/yimingtang/.m2/repository/org/apache/geronimo/genesis/genesis-java5-flava/2.0/genesis-java5-flava-2.0.pom (5.5 kB at 5.5 MB/s)
[INFO] Downloading from local.central: file:///Users/yimingtang/.m2/repository/org/apache/geronimo/genesis/genesis-default-flava/2.0/genesis-default-flava-2.0.pom
[INFO] Downloaded from local.central: file:///Users/yimingtang/.m2/repository/org/apache/geronimo/genesis/genesis-default-flava/2.0/genesis-default-flava-2.0.pom (18 kB at 8.9 MB/s)
[INFO] Downloading from local.central: file:///Users/yimingtang/.m2/repository/org/apache/geronimo/genesis/genesis/2.0/genesis-2.0.pom
[INFO] Downloaded from local.central: file:///Users/yimingtang/.m2/repository/org/apache/geronimo/genesis/genesis/2.0/genesis-2.0.pom (18 kB at 9.2 MB/s)
[INFO] Downloading from local.central: file:///Users/yimingtang/.m2/repository/org/apache/apache/6/apache-6.pom
[INFO] Downloaded from local.central: file:///Users/yimingtang/.m2/repository/org/apache/apache/6/apache-6.pom (13 kB at 13 MB/s)
[INFO] Downloading from local.central: file:///Users/yimingtang/.m2/repository/com/google/collections/google-collections/1.0/google-collections-1.0.pom
[INFO] Downloaded from local.central: file:///Users/yimingtang/.m2/repository/com/google/collections/google-collections/1.0/google-collections-1.0.pom (2.5 kB at 2.5 MB/s)
[INFO] Downloading from local.central: file:///Users/yimingtang/.m2/repository/com/google/google/1/google-1.pom
[INFO] Downloaded from local.central: file:///Users/yimingtang/.m2/repository/com/google/google/1/google-1.pom (1.6 kB at 1.6 MB/s)
[INFO] Downloading from local.central: file:///Users/yimingtang/.m2/repository/org/codehaus/plexus/plexus-utils/3.3.0/plexus-utils-3.3.0.pom
[INFO] Downloaded from local.central: file:///Users/yimingtang/.m2/repository/org/codehaus/plexus/plexus-utils/3.3.0/plexus-utils-3.3.0.pom (5.2 kB at 5.2 MB/s)
[INFO] Downloading from local.central: file:///Users/yimingtang/.m2/repository/org/apache/httpcomponents/httpcore/4.4.13/httpcore-4.4.13.pom
[INFO] Downloaded from local.central: file:///Users/yimingtang/.m2/repository/org/apache/httpcomponents/httpcore/4.4.13/httpcore-4.4.13.pom (5.0 kB at 5.0 MB/s)
[INFO] Downloading from local.central: file:///Users/yimingtang/.m2/repository/org/apache/httpcomponents/httpcomponents-core/4.4.13/httpcomponents-core-4.4.13.pom
[INFO] Downloaded from local.central: file:///Users/yimingtang/.m2/repository/org/apache/httpcomponents/httpcomponents-core/4.4.13/httpcomponents-core-4.4.13.pom (13 kB at 13 MB/s)
[INFO] Downloading from local.central: file:///Users/yimingtang/.m2/repository/org/codehaus/plexus/plexus-component-annotations/2.0.0/plexus-component-annotations-2.0.0.pom
[INFO] Downloaded from local.central: file:///Users/yimingtang/.m2/repository/org/codehaus/plexus/plexus-component-annotations/2.0.0/plexus-component-annotations-2.0.0.pom (750 B at 750 kB/s)
[INFO] Downloading from local.central: file:///Users/yimingtang/.m2/repository/org/codehaus/plexus/plexus-containers/2.0.0/plexus-containers-2.0.0.pom
[INFO] Downloaded from local.central: file:///Users/yimingtang/.m2/repository/org/codehaus/plexus/plexus-containers/2.0.0/plexus-containers-2.0.0.pom (4.8 kB at 4.8 MB/s)
[INFO] Downloading from local.central: file:///Users/yimingtang/.m2/repository/org/apache/maven/reporting/maven-reporting-api/3.0/maven-reporting-api-3.0.pom
[INFO] Downloaded from local.central: file:///Users/yimingtang/.m2/repository/org/apache/maven/reporting/maven-reporting-api/3.0/maven-reporting-api-3.0.pom (2.4 kB at 2.4 MB/s)
[INFO] Downloading from local.central: file:///Users/yimingtang/.m2/repository/org/apache/maven/shared/maven-shared-components/15/maven-shared-components-15.pom
[INFO] Downloaded from local.central: file:///Users/yimingtang/.m2/repository/org/apache/maven/shared/maven-shared-components/15/maven-shared-components-15.pom (9.3 kB at 9.3 MB/s)
[INFO] Downloading from local.central: file:///Users/yimingtang/.m2/repository/org/apache/maven/maven-parent/16/maven-parent-16.pom
[INFO] Downloaded from local.central: file:///Users/yimingtang/.m2/repository/org/apache/maven/maven-parent/16/maven-parent-16.pom (23 kB at 23 MB/s)
[INFO] Downloading from local.central: file:///Users/yimingtang/.m2/repository/org/apache/apache/7/apache-7.pom
[INFO] Downloaded from local.central: file:///Users/yimingtang/.m2/repository/org/apache/apache/7/apache-7.pom (14 kB at 14 MB/s)
[INFO] Downloading from local.central: file:///Users/yimingtang/.m2/repository/org/apache/maven/doxia/doxia-sink-api/1.0/doxia-sink-api-1.0.pom
[INFO] Downloaded from local.central: file:///Users/yimingtang/.m2/repository/org/apache/maven/doxia/doxia-sink-api/1.0/doxia-sink-api-1.0.pom (1.4 kB at 1.4 MB/s)
[INFO] Downloading from local.central: file:///Users/yimingtang/.m2/repository/org/apache/maven/doxia/doxia/1.0/doxia-1.0.pom
[INFO] Downloaded from local.central: file:///Users/yimingtang/.m2/repository/org/apache/maven/doxia/doxia/1.0/doxia-1.0.pom (9.6 kB at 9.6 MB/s)
[INFO] Downloading from local.central: file:///Users/yimingtang/.m2/repository/org/apache/maven/maven-parent/10/maven-parent-10.pom
[INFO] Downloaded from local.central: file:///Users/yimingtang/.m2/repository/org/apache/maven/maven-parent/10/maven-parent-10.pom (32 kB at 32 MB/s)
[INFO] Downloading from local.central: file:///Users/yimingtang/.m2/repository/org/apache/maven/maven-plugin-api/2.2.1/maven-plugin-api-2.2.1.pom
[INFO] Downloaded from local.central: file:///Users/yimingtang/.m2/repository/org/apache/maven/maven-plugin-api/2.2.1/maven-plugin-api-2.2.1.pom (1.5 kB at 1.5 MB/s)
[INFO] Downloading from local.central: file:///Users/yimingtang/.m2/repository/org/apache/maven/doxia/doxia-logging-api/1.11.1/doxia-logging-api-1.11.1.pom
[INFO] Downloaded from local.central: file:///Users/yimingtang/.m2/repository/org/apache/maven/doxia/doxia-logging-api/1.11.1/doxia-logging-api-1.11.1.pom (1.6 kB at 791 kB/s)
[INFO] Downloading from local.central: file:///Users/yimingtang/.m2/repository/org/codehaus/plexus/plexus-container-default/1.0-alpha-9/plexus-container-default-1.0-alpha-9.pom
[INFO] Downloaded from local.central: file:///Users/yimingtang/.m2/repository/org/codehaus/plexus/plexus-container-default/1.0-alpha-9/plexus-container-default-1.0-alpha-9.pom (1.2 kB at 1.2 MB/s)
[INFO] Downloading from local.central: file:///Users/yimingtang/.m2/repository/org/codehaus/plexus/plexus-utils/1.4.5/plexus-utils-1.4.5.pom
[INFO] Downloaded from local.central: file:///Users/yimingtang/.m2/repository/org/codehaus/plexus/plexus-utils/1.4.5/plexus-utils-1.4.5.pom (2.3 kB at 2.3 MB/s)
[INFO] Downloading from local.central: file:///Users/yimingtang/.m2/repository/org/codehaus/plexus/plexus/1.0.11/plexus-1.0.11.pom
[INFO] Downloaded from local.central: file:///Users/yimingtang/.m2/repository/org/codehaus/plexus/plexus/1.0.11/plexus-1.0.11.pom (9.0 kB at 9.0 MB/s)
[INFO] Downloading from local.central: file:///Users/yimingtang/.m2/repository/org/codehaus/plexus/plexus-interpolation/1.26/plexus-interpolation-1.26.pom
[INFO] Downloaded from local.central: file:///Users/yimingtang/.m2/repository/org/codehaus/plexus/plexus-interpolation/1.26/plexus-interpolation-1.26.pom (2.7 kB at 2.7 MB/s)
[INFO] Downloading from local.central: file:///Users/yimingtang/.m2/repository/org/apache/maven/maven-artifact/3.0/maven-artifact-3.0.pom
[INFO] Downloaded from local.central: file:///Users/yimingtang/.m2/repository/org/apache/maven/maven-artifact/3.0/maven-artifact-3.0.pom (1.9 kB at 1.9 MB/s)
[INFO] Downloading from local.central: file:///Users/yimingtang/.m2/repository/org/apache/maven/maven/3.0/maven-3.0.pom
[INFO] Downloaded from local.central: file:///Users/yimingtang/.m2/repository/org/apache/maven/maven/3.0/maven-3.0.pom (22 kB at 22 MB/s)
[INFO] Downloading from local.central: file:///Users/yimingtang/.m2/repository/org/apache/maven/maven-parent/15/maven-parent-15.pom
[INFO] Downloaded from local.central: file:///Users/yimingtang/.m2/repository/org/apache/maven/maven-parent/15/maven-parent-15.pom (24 kB at 24 MB/s)
[INFO] Downloading from local.central: file:///Users/yimingtang/.m2/repository/org/codehaus/plexus/plexus-utils/2.0.4/plexus-utils-2.0.4.pom
[INFO] Downloaded from local.central: file:///Users/yimingtang/.m2/repository/org/codehaus/plexus/plexus-utils/2.0.4/plexus-utils-2.0.4.pom (3.3 kB at 1.1 MB/s)
[INFO] Downloading from local.central: file:///Users/yimingtang/.m2/repository/org/codehaus/plexus/plexus/2.0.6/plexus-2.0.6.pom
[INFO] Downloaded from local.central: file:///Users/yimingtang/.m2/repository/org/codehaus/plexus/plexus/2.0.6/plexus-2.0.6.pom (17 kB at 8.4 MB/s)
[INFO] Downloading from local.central: file:///Users/yimingtang/.m2/repository/org/apache/maven/doxia/doxia-core/1.11.1/doxia-core-1.11.1.pom
[INFO] Downloaded from local.central: file:///Users/yimingtang/.m2/repository/org/apache/maven/doxia/doxia-core/1.11.1/doxia-core-1.11.1.pom (4.5 kB at 4.5 MB/s)
[INFO] Downloading from local.central: file:///Users/yimingtang/.m2/repository/org/apache/maven/doxia/doxia-sink-api/1.11.1/doxia-sink-api-1.11.1.pom
[INFO] Downloaded from local.central: file:///Users/yimingtang/.m2/repository/org/apache/maven/doxia/doxia-sink-api/1.11.1/doxia-sink-api-1.11.1.pom (1.6 kB at 788 kB/s)
[INFO] Downloading from local.central: file:///Users/yimingtang/.m2/repository/org/apache/maven/doxia/doxia-module-xhtml/1.11.1/doxia-module-xhtml-1.11.1.pom
[INFO] Downloaded from local.central: file:///Users/yimingtang/.m2/repository/org/apache/maven/doxia/doxia-module-xhtml/1.11.1/doxia-module-xhtml-1.11.1.pom (2.0 kB at 989 kB/s)
[INFO] Downloading from local.central: file:///Users/yimingtang/.m2/repository/org/codehaus/plexus/plexus-container-default/1.0-alpha-30/plexus-container-default-1.0-alpha-30.pom
[INFO] Downloaded from local.central: file:///Users/yimingtang/.m2/repository/org/codehaus/plexus/plexus-container-default/1.0-alpha-30/plexus-container-default-1.0-alpha-30.pom (3.5 kB at 1.7 MB/s)
[INFO] Downloading from local.central: file:///Users/yimingtang/.m2/repository/org/codehaus/plexus/plexus-containers/1.0-alpha-30/plexus-containers-1.0-alpha-30.pom
[INFO] Downloaded from local.central: file:///Users/yimingtang/.m2/repository/org/codehaus/plexus/plexus-containers/1.0-alpha-30/plexus-containers-1.0-alpha-30.pom (1.9 kB at 1.9 MB/s)
[INFO] Downloading from local.central: file:///Users/yimingtang/.m2/repository/org/codehaus/plexus/plexus-classworlds/1.2-alpha-9/plexus-classworlds-1.2-alpha-9.pom
[INFO] Downloaded from local.central: file:///Users/yimingtang/.m2/repository/org/codehaus/plexus/plexus-classworlds/1.2-alpha-9/plexus-classworlds-1.2-alpha-9.pom (3.2 kB at 3.2 MB/s)
[INFO] Downloading from local.central: file:///Users/yimingtang/.m2/repository/commons-collections/commons-collections/3.1/commons-collections-3.1.pom
[INFO] Downloaded from local.central: file:///Users/yimingtang/.m2/repository/commons-collections/commons-collections/3.1/commons-collections-3.1.pom (6.1 kB at 3.0 MB/s)
[INFO] Downloading from local.central: file:///Users/yimingtang/.m2/repository/commons-collections/commons-collections/3.2.1/commons-collections-3.2.1.pom
[INFO] Downloaded from local.central: file:///Users/yimingtang/.m2/repository/commons-collections/commons-collections/3.2.1/commons-collections-3.2.1.pom (13 kB at 6.3 MB/s)
[INFO] Downloading from local.central: file:///Users/yimingtang/.m2/repository/commons-logging/commons-logging/1.0.3/commons-logging-1.0.3.pom
[INFO] Downloaded from local.central: file:///Users/yimingtang/.m2/repository/commons-logging/commons-logging/1.0.3/commons-logging-1.0.3.pom (866 B at 866 kB/s)
[INFO] Downloading from local.central: file:///Users/yimingtang/.m2/repository/commons-logging/commons-logging/1.1/commons-logging-1.1.pom
[INFO] Downloaded from local.central: file:///Users/yimingtang/.m2/repository/commons-logging/commons-logging/1.1/commons-logging-1.1.pom (6.2 kB at 6.2 MB/s)
[INFO] Downloading from local.central: file:///Users/yimingtang/.m2/repository/log4j/log4j/1.2.12/log4j-1.2.12.pom
[INFO] Downloaded from local.central: file:///Users/yimingtang/.m2/repository/log4j/log4j/1.2.12/log4j-1.2.12.pom (145 B at 145 kB/s)
[INFO] Downloading from local.central: file:///Users/yimingtang/.m2/repository/logkit/logkit/1.0.1/logkit-1.0.1.pom
[INFO] Downloaded from local.central: file:///Users/yimingtang/.m2/repository/logkit/logkit/1.0.1/logkit-1.0.1.pom (147 B at 147 kB/s)
[INFO] Downloading from local.central: file:///Users/yimingtang/.m2/repository/avalon-framework/avalon-framework/4.1.3/avalon-framework-4.1.3.pom
[INFO] Downloaded from local.central: file:///Users/yimingtang/.m2/repository/avalon-framework/avalon-framework/4.1.3/avalon-framework-4.1.3.pom (167 B at 167 kB/s)
[INFO] Downloading from local.central: file:///Users/yimingtang/.m2/repository/commons-digester/commons-digester/1.6/commons-digester-1.6.pom
[INFO] Downloaded from local.central: file:///Users/yimingtang/.m2/repository/commons-digester/commons-digester/1.6/commons-digester-1.6.pom (974 B at 974 kB/s)
[INFO] Downloading from local.central: file:///Users/yimingtang/.m2/repository/commons-beanutils/commons-beanutils/1.6/commons-beanutils-1.6.pom
[INFO] Downloaded from local.central: file:///Users/yimingtang/.m2/repository/commons-beanutils/commons-beanutils/1.6/commons-beanutils-1.6.pom (2.3 kB at 2.3 MB/s)
[INFO] Downloading from local.central: file:///Users/yimingtang/.m2/repository/commons-logging/commons-logging/1.0/commons-logging-1.0.pom
[INFO] Downloaded from local.central: file:///Users/yimingtang/.m2/repository/commons-logging/commons-logging/1.0/commons-logging-1.0.pom (163 B at 163 kB/s)
[INFO] Downloading from local.central: file:///Users/yimingtang/.m2/repository/commons-collections/commons-collections/2.0/commons-collections-2.0.pom
[INFO] Downloaded from local.central: file:///Users/yimingtang/.m2/repository/commons-collections/commons-collections/2.0/commons-collections-2.0.pom (171 B at 171 kB/s)
[INFO] Downloading from local.central: file:///Users/yimingtang/.m2/repository/commons-collections/commons-collections/2.1/commons-collections-2.1.pom
[INFO] Downloaded from local.central: file:///Users/yimingtang/.m2/repository/commons-collections/commons-collections/2.1/commons-collections-2.1.pom (3.3 kB at 1.7 MB/s)
[INFO] Downloading from local.central: file:///Users/yimingtang/.m2/repository/xml-apis/xml-apis/1.0.b2/xml-apis-1.0.b2.pom
[INFO] Downloaded from local.central: file:///Users/yimingtang/.m2/repository/xml-apis/xml-apis/1.0.b2/xml-apis-1.0.b2.pom (2.2 kB at 2.2 MB/s)
[INFO] Downloading from local.central: file:///Users/yimingtang/.m2/repository/commons-collections/commons-collections/3.2/commons-collections-3.2.pom
[INFO] Downloaded from local.central: file:///Users/yimingtang/.m2/repository/commons-collections/commons-collections/3.2/commons-collections-3.2.pom (11 kB at 11 MB/s)
[INFO] Downloading from local.central: file:///Users/yimingtang/.m2/repository/org/apache/velocity/velocity/1.6.2/velocity-1.6.2.pom
[INFO] Downloaded from local.central: file:///Users/yimingtang/.m2/repository/org/apache/velocity/velocity/1.6.2/velocity-1.6.2.pom (11 kB at 11 MB/s)
[INFO] Downloading from local.central: file:///Users/yimingtang/.m2/repository/org/apache/maven/maven-settings/2.2.1/maven-settings-2.2.1.jar
[INFO] Downloading from local.central: file:///Users/yimingtang/.m2/repository/org/apache/maven/maven-plugin-api/2.2.1/maven-plugin-api-2.2.1.jar
[INFO] Downloaded from local.central: file:///Users/yimingtang/.m2/repository/org/apache/maven/maven-plugin-api/2.2.1/maven-plugin-api-2.2.1.jar (12 kB at 12 MB/s)
[INFO] Downloaded from local.central: file:///Users/yimingtang/.m2/repository/org/apache/maven/maven-settings/2.2.1/maven-settings-2.2.1.jar (49 kB at 49 MB/s)
[INFO] Added 1 additional default licenses.
[INFO] Enabled default license matchers.
[INFO] Added 1 custom approved licenses.
[INFO] Will parse SCM ignores for exclusions...
[INFO] Finished adding exclusions from SCM ignore files.
[INFO] 62 implicit excludes.
[INFO] No excludes explicitly specified.
[INFO] 1 resources included
[INFO] Rat check: Summary over all files. Unapproved: 0, unknown: 0, generated: 0, approved: 1 licenses.
[INFO] ------------------------------------------------------------------------
[INFO] BUILD SUCCESS
[INFO] ------------------------------------------------------------------------
[INFO] Total time:  0.582 s
[INFO] Finished at: 2023-03-24T15:59:07-04:00
[INFO] ------------------------------------------------------------------------
Running post-build script: /Users/yimingtang/Documents/subjects/creadur-rat/apache-rat-plugin/target/invoker/it1/verify.groovy
Finished post-build script: /Users/yimingtang/Documents/subjects/creadur-rat/apache-rat-plugin/target/invoker/it1/verify.groovy
