[INFO] Scanning for projects...
[INFO] 
[INFO] -------------------< org.apache.rat.test:it4rat168 >--------------------
[INFO] Building it4rat168 1.0
[INFO] --------------------------------[ jar ]---------------------------------
[INFO] 
[INFO] --- maven-clean-plugin:2.5:clean (default-clean) @ it4rat168 ---
[INFO] 
[INFO] --- apache-rat-plugin:0.16-SNAPSHOT:rat (default-cli) @ it4rat168 ---
[INFO] Downloading from local.central: file:///Users/yimingtang/.m2/repository/org/apache/maven/skins/maven-default-skin/1.3/maven-default-skin-1.3.jar
[INFO] Downloading from central: https://repo.maven.apache.org/maven2/org/apache/maven/skins/maven-default-skin/1.3/maven-default-skin-1.3.jar
[INFO] Downloaded from central: https://repo.maven.apache.org/maven2/org/apache/maven/skins/maven-default-skin/1.3/maven-default-skin-1.3.jar (14 kB at 20 kB/s)
[INFO] Rendering content with org.apache.maven.skins:maven-default-skin:jar:1.3 skin.
[INFO] Enabled default license matchers.
[INFO] Will parse SCM ignores for exclusions...
[INFO] Finished adding exclusions from SCM ignore files.
[INFO] 62 implicit excludes.
[INFO] No excludes explicitly specified.
[INFO] 1 resources included
[INFO] ------------------------------------------------------------------------
[INFO] BUILD SUCCESS
[INFO] ------------------------------------------------------------------------
[INFO] Total time:  1.362 s
[INFO] Finished at: 2023-03-24T15:59:10-04:00
[INFO] ------------------------------------------------------------------------
Running post-build script: /Users/yimingtang/Documents/subjects/creadur-rat/apache-rat-plugin/target/invoker/it4_RAT-168/verify.groovy
Finished post-build script: /Users/yimingtang/Documents/subjects/creadur-rat/apache-rat-plugin/target/invoker/it4_RAT-168/verify.groovy
